2024-09-21T02:08:11.282Z [info]: Incoming GET : /username?username=username1
2024-09-21T02:09:30.963Z [info]: Incoming GET : /username?username=username1
2024-09-21T02:11:43.464Z [info]: Incoming GET : /employees/username?username=username1
2024-09-21T02:13:43.532Z [info]: Incoming GET : /employees/username?username=username1
2024-09-21T02:14:38.811Z [info]: Incoming GET : /employees/username?username=username1
2024-09-21T02:18:27.506Z [info]: Incoming GET : /employees/username?username=username1
2024-09-21T02:19:11.468Z [info]: Incoming GET : /employees/username?username=username1
2024-09-21T04:49:50.911Z [info]: Incoming GET : /employees/username?username=username1
2024-09-21T04:59:26.512Z [info]: Incoming GET : /employees/username?username=username1
2024-09-21T05:35:38.686Z [info]: Incoming GET : /employees/username?username=username1
2024-09-21T05:36:48.537Z [info]: Incoming GET : /employees/username?username=username1
2024-09-21T05:49:35.038Z [info]: Incoming GET : /employees/username?username=username1
2024-09-21T07:17:43.607Z [info]: Incoming GET : /employees/username?username=username1
2024-09-22T04:40:19.006Z [info]: Incoming GET : /employees/username?username=username1
2024-09-22T04:40:41.394Z [info]: Incoming GET : /employees/username?username=username1
2024-09-22T05:20:07.946Z [info]: Incoming GET : /employees/username?username=username1
2024-09-22T11:14:18.736Z [info]: Incoming GET : /employees/username?username=notinDB
2024-09-22T11:49:23.237Z [info]: Incoming POST : /employees/register
2024-09-22T12:14:03.122Z [info]: Incoming POST : /employees/register
2024-09-22T12:14:14.559Z [info]: Incoming POST : /employees/register
2024-09-22T21:00:16.062Z [info]: Incoming POST : /employees/register
2024-09-22T21:05:13.062Z [info]: Incoming POST : /employees/register
2024-09-22T21:09:23.586Z [info]: Incoming POST : /employees/register
2024-09-22T21:10:58.825Z [info]: Incoming POST : /employees/register
2024-09-22T21:12:24.087Z [info]: Incoming POST : /employees/register
2024-09-22T21:14:14.070Z [info]: Incoming POST : /employees/register
2024-09-22T21:14:46.038Z [info]: Incoming POST : /employees/register
2024-09-23T07:21:36.743Z [info]: Incoming POST : /employees/login
2024-09-23T07:23:13.696Z [info]: Incoming POST : /employees/login
2024-09-23T13:18:28.765Z [info]: Incoming POST : /employees/login
2024-09-23T13:20:05.584Z [info]: Incoming POST : /employees/login
2024-09-23T13:34:57.411Z [info]: Incoming POST : /employees/login
2024-09-23T13:35:44.224Z [info]: Incoming GET : /employees/some-protected-route
2024-09-23T13:42:09.128Z [info]: Incoming POST : /employees/login
2024-09-23T13:42:31.658Z [info]: Incoming GET : /employees/manager-protected
2024-09-23T13:42:53.928Z [info]: Incoming GET : /employees/manager-protected
2024-09-23T13:43:38.626Z [info]: Incoming GET : /employees/manager-protected
2024-09-23T14:22:26.636Z [info]: Incoming POST : /employees/login
2024-09-23T14:23:28.073Z [info]: Incoming POST : /tickets/submit
2024-09-23T14:23:55.421Z [info]: Incoming POST : /tickets/submit
2024-09-23T15:56:22.630Z [info]: Incoming POST : /employees/login
2024-09-23T15:57:58.960Z [info]: Incoming PUT : /tickets/update
2024-09-23T15:58:20.588Z [info]: Incoming PUT : /tickets/update
2024-09-23T15:58:39.873Z [info]: Incoming PUT : /tickets/update
2024-09-23T15:58:42.937Z [info]: Incoming PUT : /tickets/update
2024-09-23T16:08:56.532Z [info]: Incoming PUT : /tickets/update
2024-09-23T16:09:37.170Z [info]: Incoming PUT : /tickets/update
2024-09-23T16:09:52.184Z [info]: Incoming PUT : /tickets/update
2024-09-23T16:10:39.657Z [info]: Incoming PUT : /tickets/update
2024-09-23T16:13:20.803Z [info]: Incoming PUT : /tickets/update
2024-09-23T16:13:26.464Z [info]: Incoming POST : /employees/login
2024-09-23T16:13:44.443Z [info]: Incoming GET : /employees/manager-protected
2024-09-23T16:14:33.018Z [info]: Incoming PUT : /tickets/update
2024-09-23T16:14:46.470Z [info]: Incoming PUT : /tickets/update
2024-09-23T16:15:29.323Z [info]: Incoming PUT : /tickets/update
2024-09-23T16:16:21.774Z [info]: Incoming PUT : /tickets/update
2024-09-23T16:19:59.751Z [info]: Incoming PUT : /tickets/update
2024-09-24T23:18:36.071Z [info]: Incoming POST : /employees/login
2024-09-24T23:19:26.864Z [info]: Incoming GET : /tickets/usertickets
2024-09-24T23:22:19.790Z [info]: Incoming GET : /tickets/usertickets
2024-09-24T23:22:32.265Z [info]: Incoming GET : /tickets/usertickets
2024-09-24T23:22:39.003Z [info]: Incoming GET : /tickets/usertickets
2024-09-24T23:23:12.701Z [info]: Incoming GET : /tickets/usertickets
2024-09-24T23:24:02.032Z [info]: Incoming GET : /tickets/usertickets
2024-09-24T23:24:31.921Z [info]: Incoming GET : /tickets/usertickets
2024-09-24T23:24:48.464Z [info]: Incoming GET : /tickets/usertickets
2024-09-24T23:25:48.613Z [info]: Incoming GET : /tickets/usertickets
2024-09-25T01:45:28.529Z [info]: Incoming POST : /employees/login
2024-09-25T01:46:19.738Z [info]: Incoming POST : /tickets/submit
2024-09-25T01:46:36.339Z [info]: Incoming POST : /tickets/submit
2024-09-25T01:47:00.892Z [info]: Incoming GET : /tickets/usertickets
2024-09-25T01:47:55.694Z [info]: Incoming POST : /employees/login
2024-09-25T01:48:06.702Z [info]: Incoming GET : /tickets/pendingtickets
2024-09-25T01:49:58.615Z [info]: Incoming GET : /tickets/pendingtickets
2024-09-25T22:29:35.603Z [info]: Incoming POST : /employees/login
2024-09-25T22:29:40.405Z [info]: Incoming POST : /employees/login
2024-09-25T22:29:43.667Z [info]: Incoming POST : /employees/login
2024-09-26T21:00:37.628Z [info]: Incoming GET : /employees/username?username=username1
2024-09-26T21:00:43.865Z [info]: Incoming GET : /employees/username?username=notinDB
2024-09-26T21:00:50.505Z [info]: Incoming POST : /employees/register
2024-09-26T21:01:02.378Z [info]: Incoming POST : /employees/register
2024-09-26T21:04:15.059Z [info]: Incoming POST : /employees/register
2024-09-26T21:04:54.448Z [info]: Incoming POST : /employees/register
2024-09-26T21:07:24.670Z [info]: Incoming POST : /employees/register
2024-09-26T21:07:44.873Z [info]: Incoming POST : /employees/register
2024-09-26T21:07:52.383Z [info]: Incoming POST : /employees/register
2024-09-26T21:08:50.021Z [info]: Incoming POST : /employees/login
2024-09-26T21:08:53.000Z [info]: Incoming POST : /employees/login
2024-09-26T21:18:31.837Z [info]: Incoming GET : /employees/manager-protected
2024-09-26T21:18:39.878Z [info]: Incoming POST : /employees/login
2024-09-26T21:18:55.893Z [info]: Incoming GET : /employees/manager-protected
2024-09-26T21:19:15.308Z [info]: Incoming POST : /employees/login
2024-09-26T21:19:32.283Z [info]: Incoming GET : /employees/some-protected-route
2024-09-26T21:45:21.131Z [info]: Incoming POST : /employees/login
2024-09-26T21:45:58.913Z [info]: Incoming POST : /tickets/submit
2024-09-26T21:46:28.969Z [info]: Incoming POST : /tickets/submit
2024-09-26T21:49:20.975Z [info]: Incoming PUT : /tickets/update
2024-09-26T21:49:28.046Z [info]: Incoming POST : /employees/login
2024-09-26T21:49:54.812Z [info]: Incoming PUT : /tickets/update
2024-09-26T21:50:07.826Z [info]: Incoming PUT : /tickets/update
2024-09-26T22:33:42.512Z [info]: Incoming POST : /tickets/submit
2024-09-26T22:33:47.025Z [info]: Incoming POST : /employees/login
2024-09-26T22:34:03.704Z [info]: Incoming POST : /tickets/submit
2024-09-26T22:34:19.412Z [info]: Incoming POST : /tickets/submit
2024-09-26T22:34:28.955Z [info]: Incoming POST : /tickets/submit
2024-09-26T22:35:04.421Z [info]: Incoming PUT : /tickets/update
2024-09-26T22:35:09.124Z [info]: Incoming POST : /employees/login
2024-09-26T22:35:22.038Z [info]: Incoming PUT : /tickets/update
2024-09-26T22:35:33.738Z [info]: Incoming PUT : /tickets/update
2024-09-26T22:59:16.992Z [info]: Incoming POST : /employees/login
2024-09-26T22:59:28.083Z [info]: Incoming GET : /tickets/usertickets
2024-09-26T23:00:27.186Z [info]: Incoming POST : /employees/login
2024-09-26T23:00:42.859Z [info]: Incoming GET : /tickets/filteredtickets
2024-09-26T23:01:26.428Z [info]: Incoming GET : /tickets/filteredtickets
2024-09-26T23:01:34.843Z [info]: Incoming GET : /tickets/filteredtickets
2024-09-26T23:01:43.289Z [info]: Incoming GET : /tickets/filteredtickets
2024-09-26T23:02:37.362Z [info]: Incoming POST : /tickets/submit
2024-09-26T23:02:50.832Z [info]: Incoming POST : /tickets/submit
2024-09-26T23:03:11.596Z [info]: Incoming POST : /tickets/submit
2024-09-26T23:04:10.133Z [info]: Incoming POST : /tickets/submit
2024-09-26T23:04:18.697Z [info]: Incoming POST : /tickets/submit
2024-09-26T23:05:01.863Z [info]: Incoming PUT : /tickets/update
2024-09-26T23:05:13.755Z [info]: Incoming PUT : /tickets/update
2024-09-26T23:07:00.580Z [info]: Incoming POST : /tickets/submit
2024-09-26T23:07:24.386Z [info]: Incoming PUT : /tickets/update
2024-09-27T05:44:06.698Z [info]: Incoming POST : /employees/register
2024-09-27T05:45:18.547Z [info]: Incoming POST : /employees/register
2024-09-27T05:45:49.766Z [info]: Incoming POST : /employees/register
2024-09-27T05:54:09.581Z [info]: Incoming POST : /employees/login
2024-09-27T05:54:13.373Z [info]: Incoming POST : /employees/login
2024-09-27T05:54:30.154Z [info]: Incoming POST : /employees/login
2024-09-27T05:54:37.470Z [info]: Incoming POST : /employees/login
2024-09-27T05:54:39.428Z [info]: Incoming POST : /employees/login
2024-09-27T05:54:48.294Z [info]: Incoming POST : /employees/login
2024-09-27T05:59:57.796Z [info]: Incoming POST : /employees/login
2024-09-27T06:00:21.401Z [info]: Incoming POST : /employees/login
2024-09-27T06:00:53.912Z [info]: Incoming POST : /tickets/submit
2024-09-27T06:01:18.927Z [info]: Incoming POST : /tickets/submit
2024-09-27T06:01:44.514Z [info]: Incoming POST : /tickets/submit
2024-09-27T06:03:34.430Z [info]: Incoming GET : /tickets/usertickets
2024-09-27T06:08:07.512Z [info]: Incoming POST : /employees/login
2024-09-27T06:08:30.781Z [info]: Incoming GET : /employees/manager-protected
2024-09-27T06:08:45.936Z [info]: Incoming GET : /tickets/filteredtickets
2024-09-27T06:12:56.846Z [info]: Incoming GET : /tickets/filteredtickets
2024-09-27T06:14:40.848Z [info]: Incoming PUT : /tickets/update
2024-09-27T06:15:03.552Z [info]: Incoming GET : /tickets/usertickets
2024-09-27T12:40:03.816Z [info]: Incoming POST : /employees/register
2024-09-27T12:47:05.185Z [info]: Incoming GET : /tickets/usertickets
2024-09-27T13:35:41.325Z [info]: Incoming POST : /employees/register
2024-09-27T13:42:46.846Z [info]: Incoming POST : /employees/register
2024-09-27T13:42:52.708Z [info]: Incoming POST : /employees/register
2024-09-27T13:43:06.953Z [info]: Incoming POST : /employees/register
2024-09-27T13:43:14.467Z [info]: Incoming POST : /employees/register
2024-09-27T13:43:19.009Z [info]: Incoming POST : /employees/register
2024-09-27T13:43:30.771Z [info]: Incoming POST : /employees/login
2024-09-27T13:43:38.679Z [info]: Incoming POST : /employees/login
2024-09-27T13:44:02.088Z [info]: Incoming GET : /employees/some-protected-route
2024-09-27T13:44:14.748Z [info]: Incoming GET : /employees/manager-protected
2024-09-27T13:45:08.512Z [info]: Incoming POST : /tickets/submit
2024-09-27T13:45:15.974Z [info]: Incoming POST : /employees/login
2024-09-27T13:45:29.410Z [info]: Incoming POST : /employees/login
2024-09-27T13:45:41.106Z [info]: Incoming POST : /tickets/submit
2024-09-27T13:45:52.704Z [info]: Incoming POST : /tickets/submit
2024-09-27T13:46:10.080Z [info]: Incoming GET : /tickets/usertickets
2024-09-27T13:46:36.201Z [info]: Incoming GET : /tickets/filteredtickets
2024-09-27T13:46:45.478Z [info]: Incoming GET : /tickets/filteredtickets
2024-09-27T13:46:50.992Z [info]: Incoming GET : /tickets/filteredtickets
2024-09-27T13:47:14.757Z [info]: Incoming GET : /tickets/filteredtickets
2024-09-27T13:47:28.109Z [info]: Incoming PUT : /tickets/update
2024-09-27T13:47:44.721Z [info]: Incoming PUT : /tickets/update
2024-09-28T05:08:43.797Z [info]: Incoming GET : /employees/username?username=username1
2024-09-28T05:16:27.837Z [info]: Incoming POST : /employees/register
2024-09-28T06:45:00.167Z [info]: Incoming POST : /employees/register
2024-09-28T06:45:08.294Z [info]: Incoming POST : /employees/register
2024-09-28T06:45:17.193Z [info]: Incoming POST : /employees/register
2024-09-28T06:45:27.290Z [info]: Incoming POST : /employees/register
2024-09-28T06:45:35.079Z [info]: Incoming POST : /employees/register
2024-09-28T06:45:39.333Z [info]: Incoming POST : /employees/register
2024-09-28T07:07:26.020Z [info]: Incoming POST : /employees/register
2024-09-28T22:03:32.902Z [info]: Incoming POST : /employees/register
2024-09-28T22:03:44.363Z [info]: Incoming POST : /employees/register
2024-09-28T22:06:50.652Z [info]: Incoming POST : /employees/register
2024-09-28T22:10:12.123Z [info]: Incoming POST : /employees/register
2024-09-29T00:41:07.971Z [info]: Incoming POST : /employees/login
2024-09-29T00:41:28.280Z [info]: Incoming POST : /tickets/submit
2024-09-29T23:33:19.496Z [info]: Incoming POST : /employees/login
2024-09-29T23:33:31.821Z [info]: Incoming POST : /tickets/submit
2024-09-29T23:33:44.637Z [info]: Incoming POST : /tickets/submit
2024-09-29T23:34:08.095Z [info]: Incoming GET : /tickets/usertickets
2024-09-29T23:34:35.864Z [info]: Incoming PUT : /tickets/update
2024-09-29T23:34:57.085Z [info]: Incoming PUT : /tickets/update
2024-09-29T23:35:53.680Z [info]: Incoming PUT : /tickets/update
2024-09-29T23:36:30.047Z [info]: Incoming POST : /tickets/submit
2024-09-29T23:36:39.386Z [info]: Incoming PUT : /tickets/update
2024-09-29T23:41:33.260Z [info]: Incoming PUT : /tickets/update
2024-09-29T23:42:19.724Z [info]: Incoming PUT : /tickets/update
2024-09-29T23:42:38.802Z [info]: Incoming POST : /employees/login
2024-09-29T23:42:54.158Z [info]: Incoming POST : /tickets/submit
2024-09-29T23:43:04.838Z [info]: Incoming PUT : /tickets/update
2024-09-29T23:43:09.799Z [info]: Incoming POST : /tickets/submit
2024-09-29T23:43:21.186Z [info]: Incoming PUT : /tickets/update
2024-09-29T23:43:29.182Z [info]: Incoming PUT : /tickets/update
2024-09-29T23:44:03.802Z [info]: Incoming GET : /tickets/usertickets
2024-09-29T23:44:24.496Z [info]: Incoming GET : /tickets/usertickets
2024-09-29T23:46:30.652Z [info]: Incoming GET : /tickets/filteredtickets?status=pending
2024-09-29T23:47:03.269Z [info]: Incoming GET : /tickets/filteredtickets?status=pending
2024-09-29T23:47:10.139Z [info]: Incoming GET : /tickets/filteredtickets?status=denied
2024-09-29T23:47:13.743Z [info]: Incoming GET : /tickets/filteredtickets?status=asef
2024-09-29T23:49:06.222Z [info]: Incoming GET : /tickets/filteredtickets?status=asef
2024-09-29T23:49:21.836Z [info]: Incoming GET : /tickets/filteredtickets?status=asef
2024-09-29T23:49:40.004Z [info]: Incoming GET : /tickets/filteredtickets?status=asef
